<?xml version="1.0" encoding="UTF-8"?>
<testsuite name="Matrix" tests="4" skipped="0" failures="0" errors="0" timestamp="2026-01-06T21:59:28.114Z" hostname="MERIEMFERRAH" time="0.248">
  <properties/>
  <testcase name="Determinant" classname="Matrix" time="0.204"/>
  <testcase name="Transpose" classname="Matrix" time="0.024"/>
  <testcase name="Inverse" classname="Matrix" time="0.01"/>
  <testcase name="Cofactor" classname="Matrix" time="0.009"/>
  <system-out><![CDATA[
Scenario: Determinant                  ?[90m# Features/matrix.feature:5?[0m
  ?[32mGiven ?[0m?[32mI have A Matrix?[0m                ?[90m# MatrixSteps.iHaveAMatrix()?[0m
  ?[32mWhen ?[0m?[32mI compute determinant of?[0m        ?[90m# MatrixSteps.iComputeDeterminantOf(io.cucumber.datatable.DataTable)?[0m
    | col1 | col2 | col3 |
    | 1    | 2    | 3    |
    | 4    | 5    | 6    |
    | 7    | 8    | 12   |
  ?[32mThen ?[0m?[32mThe result of determinant is ?[0m?[32m?[1m-9?[0m ?[90m# MatrixSteps.iFindAsDeterminantResult(double)?[0m

Scenario: Transpose               ?[90m# Features/matrix.feature:14?[0m
  ?[32mGiven ?[0m?[32mI have A Matrix?[0m           ?[90m# MatrixSteps.iHaveAMatrix()?[0m
  ?[32mWhen ?[0m?[32mI compute transpose of?[0m     ?[90m# MatrixSteps.iComputeTransposeOf(io.cucumber.datatable.DataTable)?[0m
    | col1 | col2 |
    | 1    | 2    |
    | 3    | 4    |
    | 5    | 6    |
  ?[32mThen ?[0m?[32mThe result of transpose is?[0m ?[90m# MatrixSteps.iFindAsTransposeResult(io.cucumber.datatable.DataTable)?[0m
    | col1 | col2 | col3 |
    | 1    | 3    | 5    |
    | 2    | 4    | 6    |

Scenario: Inverse               ?[90m# Features/matrix.feature:26?[0m
  ?[32mGiven ?[0m?[32mI have A Matrix?[0m         ?[90m# MatrixSteps.iHaveAMatrix()?[0m
  ?[32mWhen ?[0m?[32mI compute inverse of?[0m     ?[90m# MatrixSteps.iComputeInverseOf(io.cucumber.datatable.DataTable)?[0m
    | col1 | col2 |
    | 1    | 2    |
    | 3    | 4    |
  ?[32mThen ?[0m?[32mThe result of inverse is?[0m ?[90m# MatrixSteps.iFindAsInverseResult(io.cucumber.datatable.DataTable)?[0m
    | col1 | col2 |
    | -2   | 1    |
    | 1.5  | -0.5 |

Scenario: Cofactor               ?[90m# Features/matrix.feature:37?[0m
  ?[32mGiven ?[0m?[32mI have A Matrix?[0m          ?[90m# MatrixSteps.iHaveAMatrix()?[0m
  ?[32mWhen ?[0m?[32mI compute cofactor of?[0m     ?[90m# MatrixSteps.iComputeCofactorOf(io.cucumber.datatable.DataTable)?[0m
    | col1 | col2 |
    | 1    | 2    |
    | 3    | 4    |
  ?[32mThen ?[0m?[32mThe result of cofactor is?[0m ?[90m# MatrixSteps.iFindAsCofactoreResult(io.cucumber.datatable.DataTable)?[0m
    | col1 | col2 |
    | 4    | -3   |
    | -2   | 1    |
]]></system-out>
  <system-err><![CDATA[]]></system-err>
</testsuite>
